Using pre-set license
Built from '2020.2/staging' branch; Version is '2020.2.7f1 (c53830e277f1) revision 12924976'; Using compiler version '192528614'; Build Type 'Release'
OS: 'Windows 10 Home; OS build 19043.1165; Version 2009; 64bit' Language: 'ja' Physical Memory: 16272 MB
BatchMode: 1, IsHumanControllingUs: 0, StartBugReporterOnCrash: 0, Is64bit: 1, IsPro: 0

 COMMAND LINE ARGUMENTS:
C:\Program Files\Unity\Hub\Editor\2020.2.7f1\Editor\Unity.exe
-adb2
-batchMode
-noUpm
-name
AssetImportWorker0
-projectPath
D:/unity/Tamaya
-logFile
Logs/AssetImportWorker0.log
-srvPort
58576
Successfully changed project path to: D:/unity/Tamaya
D:/unity/Tamaya
Using Asset Import Pipeline V2.
Refreshing native plugins compatible for Editor in 32.37 ms, found 0 plugins.
Preloading 0 native plugins for Editor in 0.00 ms.
Initialize engine version: 2020.2.7f1 (c53830e277f1)
[Subsystems] Discovering subsystems at path C:/Program Files/Unity/Hub/Editor/2020.2.7f1/Editor/Data/Resources/UnitySubsystems
[Subsystems] Discovering subsystems at path D:/unity/Tamaya/Assets
GfxDevice: creating device client; threaded=0
Direct3D:
    Version:  Direct3D 11.0 [level 11.1]
    Renderer: NVIDIA GeForce GTX 1060 (ID=0x1c20)
    Vendor:   
    VRAM:     6052 MB
    Driver:   27.21.14.6677
Initialize mono
Mono path[0] = 'C:/Program Files/Unity/Hub/Editor/2020.2.7f1/Editor/Data/Managed'
Mono path[1] = 'C:/Program Files/Unity/Hub/Editor/2020.2.7f1/Editor/Data/MonoBleedingEdge/lib/mono/unityjit'
Mono config path = 'C:/Program Files/Unity/Hub/Editor/2020.2.7f1/Editor/Data/MonoBleedingEdge/etc'
Using monoOptions --debugger-agent=transport=dt_socket,embedding=1,server=y,suspend=n,address=127.0.0.1:56428
Begin MonoManager ReloadAssembly
Registering precompiled unity dll's ...
Register platform support module: C:/Program Files/Unity/Hub/Editor/2020.2.7f1/Editor/Data/PlaybackEngines/WebGLSupport/UnityEditor.WebGL.Extensions.dll
Register platform support module: C:/Program Files/Unity/Hub/Editor/2020.2.7f1/Editor/Data/PlaybackEngines/WindowsStandaloneSupport/UnityEditor.WindowsStandalone.Extensions.dll
Registered in 0.003022 seconds.
Native extension for WindowsStandalone target not found
Native extension for WebGL target not found
Refreshing native plugins compatible for Editor in 24.01 ms, found 0 plugins.
Preloading 0 native plugins for Editor in 0.00 ms.
Invoked RoslynAnalysisRunner static constructor.
RoslynAnalysisRunner will not be running.
RoslynAnalysisRunner has terminated.
Mono: successfully reloaded assembly
- Completed reload, in  1.578 seconds
Platform modules already initialized, skipping
Registering precompiled user dll's ...
Registered in 0.000517 seconds.
Begin MonoManager ReloadAssembly
Native extension for WindowsStandalone target not found
Native extension for WebGL target not found
Refreshing native plugins compatible for Editor in 0.25 ms, found 0 plugins.
Preloading 0 native plugins for Editor in 0.00 ms.
Invoked RoslynAnalysisRunner static constructor.
RoslynAnalysisRunner will not be running.
RoslynAnalysisRunner has terminated.
Mono: successfully reloaded assembly
- Completed reload, in  1.024 seconds
Platform modules already initialized, skipping
========================================================================
Worker process is ready to serve import requests
Launched and connected shader compiler UnityShaderCompiler.exe after 0.07 seconds
Refreshing native plugins compatible for Editor in 0.38 ms, found 0 plugins.
Preloading 0 native plugins for Editor in 0.00 ms.
Unloading 1113 Unused Serialized files (Serialized files now loaded: 0)
System memory in use before: 59.6 MB.
System memory in use after: 59.6 MB.

Unloading 10 unused Assets to reduce memory usage. Loaded Objects now: 1555.
Total: 4.746400 ms (FindLiveObjects: 0.854700 ms CreateObjectMapping: 0.089600 ms MarkObjects: 3.670400 ms  DeleteObjects: 0.129500 ms)

========================================================================
Received Import Request.
  path: Assets
  artifactKey: Guid(00000000000000001000000000000000) Importer(815301076,1909f56bfc062723c751e8b465ee728b)
Start importing Assets using Guid(00000000000000001000000000000000) Importer(815301076,1909f56bfc062723c751e8b465ee728b)  -> (artifact id: 'f89434ac489deb914593f829e0a47671') in 0.013815 seconds
  Import took 0.067324 seconds .

========================================================================
Received Import Request.
  Time since last request: 6.800059 seconds.
  path: Assets/Model
  artifactKey: Guid(4bef1cf385be7f549af5c839acfd4c42) Importer(815301076,1909f56bfc062723c751e8b465ee728b)
Start importing Assets/Model using Guid(4bef1cf385be7f549af5c839acfd4c42) Importer(815301076,1909f56bfc062723c751e8b465ee728b)  -> (artifact id: '7aa19020dff1f7ba3f06cd3eb49a9909') in 0.013772 seconds
  Import took 0.026406 seconds .

========================================================================
Received Import Request.
  Time since last request: 0.006609 seconds.
  path: Assets/Scenes
  artifactKey: Guid(5ccf7f51299711a42ae8e2ec16c3dcc5) Importer(815301076,1909f56bfc062723c751e8b465ee728b)
Start importing Assets/Scenes using Guid(5ccf7f51299711a42ae8e2ec16c3dcc5) Importer(815301076,1909f56bfc062723c751e8b465ee728b)  -> (artifact id: '630a52f2e5a0c3ae0f429114aa57d263') in 0.016633 seconds
  Import took 0.029645 seconds .

========================================================================
Received Import Request.
  Time since last request: 5.894940 seconds.
  path: Assets/Scene
  artifactKey: Guid(5ccf7f51299711a42ae8e2ec16c3dcc5) Importer(815301076,1909f56bfc062723c751e8b465ee728b)
Start importing Assets/Scene using Guid(5ccf7f51299711a42ae8e2ec16c3dcc5) Importer(815301076,1909f56bfc062723c751e8b465ee728b)  -> (artifact id: '2938be1b5c4ceb06841b113ac96d33ba') in 0.011500 seconds
  Import took 0.027050 seconds .

========================================================================
Received Import Request.
  Time since last request: 10.268656 seconds.
  path: Assets/Texture
  artifactKey: Guid(41493e4fcf39ffa428d8962273a9da81) Importer(815301076,1909f56bfc062723c751e8b465ee728b)
Start importing Assets/Texture using Guid(41493e4fcf39ffa428d8962273a9da81) Importer(815301076,1909f56bfc062723c751e8b465ee728b)  -> (artifact id: '7b2c621b4b635b865c292c13cc4f53a0') in 0.009701 seconds
  Import took 0.049510 seconds .

========================================================================
Received Import Request.
  Time since last request: 22.033922 seconds.
  path: Assets/Script
  artifactKey: Guid(e5ae0b8cb83cc384da033582c2f045ee) Importer(815301076,1909f56bfc062723c751e8b465ee728b)
Start importing Assets/Script using Guid(e5ae0b8cb83cc384da033582c2f045ee) Importer(815301076,1909f56bfc062723c751e8b465ee728b)  -> (artifact id: '7f14b224050d9bab33c03e702ece36be') in 0.009001 seconds
  Import took 0.049460 seconds .

========================================================================
Received Import Request.
  Time since last request: 18.971874 seconds.
  path: Assets/Prefab
  artifactKey: Guid(e093052c5daa8a345b9e5ada0c7a5fb0) Importer(815301076,1909f56bfc062723c751e8b465ee728b)
Start importing Assets/Prefab using Guid(e093052c5daa8a345b9e5ada0c7a5fb0) Importer(815301076,1909f56bfc062723c751e8b465ee728b)  -> (artifact id: 'f7a2e7a9888a7e7c7a73c60bc00e9b59') in 0.009969 seconds
  Import took 0.012569 seconds .

AssetImportWorkerClient::OnTransportError - code=2 error=End of file
